2011/11/05 05:22:49 [error] [exception.CException] exception 'CException' with message 'CDbCommand and its behaviors do not have a method or closure named "excute".' in D:\wamp2.2\www\framework\base\CComponent.php:269
Stack trace:
#0 D:\wamp2.2\www\green-sea-erp\protected\admin\controllers\AuthController.php(402): CComponent->__call('excute', Array)
#1 D:\wamp2.2\www\green-sea-erp\protected\admin\controllers\AuthController.php(402): CDbCommand->excute(Array)
#2 [internal function]: AuthController->actionRevoke('1', '16')
#3 D:\wamp2.2\www\framework\web\actions\CAction.php(104): ReflectionMethod->invokeArgs(Object(AuthController), Array)
#4 D:\wamp2.2\www\framework\web\actions\CInlineAction.php(48): CAction->runWithParamsInternal(Object(AuthController), Object(ReflectionMethod), Array)
#5 D:\wamp2.2\www\framework\web\CController.php(300): CInlineAction->runWithParams(Array)
#6 D:\wamp2.2\www\framework\web\CController.php(278): CController->runAction(Object(CInlineAction))
#7 D:\wamp2.2\www\framework\web\CController.php(257): CController->runActionWithFilters(Object(CInlineAction), Array)
#8 D:\wamp2.2\www\framework\web\CWebApplication.php(277): CController->run('revoke')
#9 D:\wamp2.2\www\framework\web\CWebApplication.php(136): CWebApplication->runController('auth/revoke')
#10 D:\wamp2.2\www\framework\base\CApplication.php(158): CWebApplication->processRequest()
#11 D:\wamp2.2\www\green-sea-erp\admin.php(13): CApplication->run()
#12 {main} REQUEST_URI=/green-sea-erp/admin.php?r=auth/revoke&id=1&roleId=16
2011/11/05 05:23:09 [error] [exception.CException] exception 'CException' with message 'CDbCommand and its behaviors do not have a method or closure named "excute".' in D:\wamp2.2\www\framework\base\CComponent.php:269
Stack trace:
#0 D:\wamp2.2\www\green-sea-erp\protected\admin\controllers\AuthController.php(402): CComponent->__call('excute', Array)
#1 D:\wamp2.2\www\green-sea-erp\protected\admin\controllers\AuthController.php(402): CDbCommand->excute(Array)
#2 [internal function]: AuthController->actionRevoke('2', '16')
#3 D:\wamp2.2\www\framework\web\actions\CAction.php(104): ReflectionMethod->invokeArgs(Object(AuthController), Array)
#4 D:\wamp2.2\www\framework\web\actions\CInlineAction.php(48): CAction->runWithParamsInternal(Object(AuthController), Object(ReflectionMethod), Array)
#5 D:\wamp2.2\www\framework\web\CController.php(300): CInlineAction->runWithParams(Array)
#6 D:\wamp2.2\www\framework\web\CController.php(278): CController->runAction(Object(CInlineAction))
#7 D:\wamp2.2\www\framework\web\CController.php(257): CController->runActionWithFilters(Object(CInlineAction), Array)
#8 D:\wamp2.2\www\framework\web\CWebApplication.php(277): CController->run('revoke')
#9 D:\wamp2.2\www\framework\web\CWebApplication.php(136): CWebApplication->runController('auth/revoke')
#10 D:\wamp2.2\www\framework\base\CApplication.php(158): CWebApplication->processRequest()
#11 D:\wamp2.2\www\green-sea-erp\admin.php(13): CApplication->run()
#12 {main} REQUEST_URI=/green-sea-erp/admin.php?r=auth/revoke&id=2&roleId=16
2011/11/05 05:23:15 [error] [exception.CException] exception 'CException' with message 'CDbCommand and its behaviors do not have a method or closure named "excute".' in D:\wamp2.2\www\framework\base\CComponent.php:269
Stack trace:
#0 D:\wamp2.2\www\green-sea-erp\protected\admin\controllers\AuthController.php(402): CComponent->__call('excute', Array)
#1 D:\wamp2.2\www\green-sea-erp\protected\admin\controllers\AuthController.php(402): CDbCommand->excute(Array)
#2 [internal function]: AuthController->actionRevoke('1', '16')
#3 D:\wamp2.2\www\framework\web\actions\CAction.php(104): ReflectionMethod->invokeArgs(Object(AuthController), Array)
#4 D:\wamp2.2\www\framework\web\actions\CInlineAction.php(48): CAction->runWithParamsInternal(Object(AuthController), Object(ReflectionMethod), Array)
#5 D:\wamp2.2\www\framework\web\CController.php(300): CInlineAction->runWithParams(Array)
#6 D:\wamp2.2\www\framework\web\CController.php(278): CController->runAction(Object(CInlineAction))
#7 D:\wamp2.2\www\framework\web\CController.php(257): CController->runActionWithFilters(Object(CInlineAction), Array)
#8 D:\wamp2.2\www\framework\web\CWebApplication.php(277): CController->run('revoke')
#9 D:\wamp2.2\www\framework\web\CWebApplication.php(136): CWebApplication->runController('auth/revoke')
#10 D:\wamp2.2\www\framework\base\CApplication.php(158): CWebApplication->processRequest()
#11 D:\wamp2.2\www\green-sea-erp\admin.php(13): CApplication->run()
#12 {main} REQUEST_URI=/green-sea-erp/admin.php?r=auth/revoke&id=1&roleId=16
2011/11/05 05:23:35 [error] [exception.CException] exception 'CException' with message 'CDbCommand and its behaviors do not have a method or closure named "excute".' in D:\wamp2.2\www\framework\base\CComponent.php:269
Stack trace:
#0 D:\wamp2.2\www\green-sea-erp\protected\admin\controllers\AuthController.php(263): CComponent->__call('excute', Array)
#1 D:\wamp2.2\www\green-sea-erp\protected\admin\controllers\AuthController.php(263): CDbCommand->excute(Array)
#2 [internal function]: AuthController->actionToggleStatus('16', '0')
#3 D:\wamp2.2\www\framework\web\actions\CAction.php(104): ReflectionMethod->invokeArgs(Object(AuthController), Array)
#4 D:\wamp2.2\www\framework\web\actions\CInlineAction.php(48): CAction->runWithParamsInternal(Object(AuthController), Object(ReflectionMethod), Array)
#5 D:\wamp2.2\www\framework\web\CController.php(300): CInlineAction->runWithParams(Array)
#6 D:\wamp2.2\www\framework\web\CController.php(278): CController->runAction(Object(CInlineAction))
#7 D:\wamp2.2\www\framework\web\CController.php(257): CController->runActionWithFilters(Object(CInlineAction), Array)
#8 D:\wamp2.2\www\framework\web\CWebApplication.php(277): CController->run('toggleStatus')
#9 D:\wamp2.2\www\framework\web\CWebApplication.php(136): CWebApplication->runController('auth/toggleStat...')
#10 D:\wamp2.2\www\framework\base\CApplication.php(158): CWebApplication->processRequest()
#11 D:\wamp2.2\www\green-sea-erp\admin.php(13): CApplication->run()
#12 {main} REQUEST_URI=/green-sea-erp/admin.php?r=auth/toggleStatus&id=16&status=0
2011/11/05 05:24:48 [error] [exception.CException] exception 'CException' with message 'CDbCommand and its behaviors do not have a method or closure named "excute".' in D:\wamp2.2\www\framework\base\CComponent.php:269
Stack trace:
#0 D:\wamp2.2\www\green-sea-erp\protected\admin\controllers\AuthController.php(263): CComponent->__call('excute', Array)
#1 D:\wamp2.2\www\green-sea-erp\protected\admin\controllers\AuthController.php(263): CDbCommand->excute(Array)
#2 [internal function]: AuthController->actionToggleStatus('16', '0')
#3 D:\wamp2.2\www\framework\web\actions\CAction.php(104): ReflectionMethod->invokeArgs(Object(AuthController), Array)
#4 D:\wamp2.2\www\framework\web\actions\CInlineAction.php(48): CAction->runWithParamsInternal(Object(AuthController), Object(ReflectionMethod), Array)
#5 D:\wamp2.2\www\framework\web\CController.php(300): CInlineAction->runWithParams(Array)
#6 D:\wamp2.2\www\framework\web\CController.php(278): CController->runAction(Object(CInlineAction))
#7 D:\wamp2.2\www\framework\web\CController.php(257): CController->runActionWithFilters(Object(CInlineAction), Array)
#8 D:\wamp2.2\www\framework\web\CWebApplication.php(277): CController->run('toggleStatus')
#9 D:\wamp2.2\www\framework\web\CWebApplication.php(136): CWebApplication->runController('auth/toggleStat...')
#10 D:\wamp2.2\www\framework\base\CApplication.php(158): CWebApplication->processRequest()
#11 D:\wamp2.2\www\green-sea-erp\admin.php(13): CApplication->run()
#12 {main} REQUEST_URI=/green-sea-erp/admin.php?r=auth/toggleStatus&id=16&status=0
2011/11/05 05:44:45 [error] [exception.CException] exception 'CException' with message 'CDbCommand and its behaviors do not have a method or closure named "excute".' in D:\wamp2.2\www\framework\base\CComponent.php:269
Stack trace:
#0 D:\wamp2.2\www\green-sea-erp\protected\admin\controllers\AuthController.php(263): CComponent->__call('excute', Array)
#1 D:\wamp2.2\www\green-sea-erp\protected\admin\controllers\AuthController.php(263): CDbCommand->excute(Array)
#2 [internal function]: AuthController->actionToggleStatus('16', '0')
#3 D:\wamp2.2\www\framework\web\actions\CAction.php(104): ReflectionMethod->invokeArgs(Object(AuthController), Array)
#4 D:\wamp2.2\www\framework\web\actions\CInlineAction.php(48): CAction->runWithParamsInternal(Object(AuthController), Object(ReflectionMethod), Array)
#5 D:\wamp2.2\www\framework\web\CController.php(300): CInlineAction->runWithParams(Array)
#6 D:\wamp2.2\www\framework\web\CController.php(278): CController->runAction(Object(CInlineAction))
#7 D:\wamp2.2\www\framework\web\CController.php(257): CController->runActionWithFilters(Object(CInlineAction), Array)
#8 D:\wamp2.2\www\framework\web\CWebApplication.php(277): CController->run('toggleStatus')
#9 D:\wamp2.2\www\framework\web\CWebApplication.php(136): CWebApplication->runController('auth/toggleStat...')
#10 D:\wamp2.2\www\framework\base\CApplication.php(158): CWebApplication->processRequest()
#11 D:\wamp2.2\www\green-sea-erp\admin.php(13): CApplication->run()
#12 {main} REQUEST_URI=/green-sea-erp/admin.php?r=auth/toggleStatus&id=16&status=0
2011/11/05 05:46:29 [error] [exception.CException] exception 'CException' with message 'CDbCommand and its behaviors do not have a method or closure named "excute".' in D:\wamp2.2\www\framework\base\CComponent.php:269
Stack trace:
#0 D:\wamp2.2\www\green-sea-erp\protected\admin\controllers\AuthController.php(263): CComponent->__call('excute', Array)
#1 D:\wamp2.2\www\green-sea-erp\protected\admin\controllers\AuthController.php(263): CDbCommand->excute(Array)
#2 [internal function]: AuthController->actionToggleStatus('16', '0')
#3 D:\wamp2.2\www\framework\web\actions\CAction.php(104): ReflectionMethod->invokeArgs(Object(AuthController), Array)
#4 D:\wamp2.2\www\framework\web\actions\CInlineAction.php(48): CAction->runWithParamsInternal(Object(AuthController), Object(ReflectionMethod), Array)
#5 D:\wamp2.2\www\framework\web\CController.php(300): CInlineAction->runWithParams(Array)
#6 D:\wamp2.2\www\framework\web\CController.php(278): CController->runAction(Object(CInlineAction))
#7 D:\wamp2.2\www\framework\web\CController.php(257): CController->runActionWithFilters(Object(CInlineAction), Array)
#8 D:\wamp2.2\www\framework\web\CWebApplication.php(277): CController->run('toggleStatus')
#9 D:\wamp2.2\www\framework\web\CWebApplication.php(136): CWebApplication->runController('auth/toggleStat...')
#10 D:\wamp2.2\www\framework\base\CApplication.php(158): CWebApplication->processRequest()
#11 D:\wamp2.2\www\green-sea-erp\admin.php(13): CApplication->run()
#12 {main} REQUEST_URI=/green-sea-erp/admin.php?r=auth/toggleStatus&id=16&status=0
