2011/09/19 11:53:27 [error] [exception.CException] exception 'CException' with message 'CAssetManager.basePath "E:\PHP\LLERP\assets" is invalid. Please make sure the directory exists and is writable by the Web server process.' in E:\PHP\framework\web\CAssetManager.php:112
Stack trace:
#0 E:\PHP\framework\web\CAssetManager.php(97): CAssetManager->setBasePath('E:\PHP\LLERP\as...')
#1 E:\PHP\framework\web\CAssetManager.php(207): CAssetManager->getBasePath()
#2 E:\PHP\framework\web\CClientScript.php(453): CAssetManager->publish('E:\PHP\framewor...')
#3 E:\PHP\framework\web\CClientScript.php(490): CClientScript->getCoreScriptUrl()
#4 E:\PHP\framework\web\CClientScript.php(306): CClientScript->getPackageBaseUrl('jquery')
#5 E:\PHP\framework\web\CClientScript.php(197): CClientScript->renderCoreScripts()
#6 E:\PHP\framework\web\CController.php(343): CClientScript->render('<!DOCTYPE html ...')
#7 E:\PHP\framework\web\CController.php(785): CController->processOutput('<!DOCTYPE html ...')
#8 E:\PHP\LLERP\protected\controllers\OrderController.php(172): CController->render('goodsList', Array)
#9 [internal function]: OrderController->actionGoodsList(NULL)
#10 E:\PHP\framework\web\actions\CAction.php(104): ReflectionMethod->invokeArgs(Object(OrderController), Array)
#11 E:\PHP\framework\web\actions\CInlineAction.php(48): CAction->runWithParamsInternal(Object(OrderController), Object(ReflectionMethod), Array)
#12 E:\PHP\framework\web\CController.php(300): CInlineAction->runWithParams(Array)
#13 E:\PHP\framework\web\CController.php(278): CController->runAction(Object(CInlineAction))
#14 E:\PHP\framework\web\CController.php(257): CController->runActionWithFilters(Object(CInlineAction), Array)
#15 E:\PHP\framework\web\CWebApplication.php(277): CController->run('goodsList')
#16 E:\PHP\framework\web\CWebApplication.php(136): CWebApplication->runController('order/goodsList')
#17 E:\PHP\framework\base\CApplication.php(158): CWebApplication->processRequest()
#18 E:\PHP\LLERP\index.php(13): CApplication->run()
#19 {main} REQUEST_URI=/llerp/index.php?r=order/goodsList
2011/09/19 11:54:14 [error] [exception.CException] exception 'CException' with message 'CAssetManager.basePath "E:\PHP\LLERP\assets" is invalid. Please make sure the directory exists and is writable by the Web server process.' in E:\PHP\framework\web\CAssetManager.php:112
Stack trace:
#0 E:\PHP\framework\web\CAssetManager.php(97): CAssetManager->setBasePath('E:\PHP\LLERP\as...')
#1 E:\PHP\framework\web\CAssetManager.php(207): CAssetManager->getBasePath()
#2 E:\PHP\framework\web\CClientScript.php(453): CAssetManager->publish('E:\PHP\framewor...')
#3 E:\PHP\framework\web\CClientScript.php(490): CClientScript->getCoreScriptUrl()
#4 E:\PHP\framework\web\CClientScript.php(306): CClientScript->getPackageBaseUrl('jquery')
#5 E:\PHP\framework\web\CClientScript.php(197): CClientScript->renderCoreScripts()
#6 E:\PHP\framework\web\CController.php(343): CClientScript->render('<!DOCTYPE html ...')
#7 E:\PHP\framework\web\CController.php(785): CController->processOutput('<!DOCTYPE html ...')
#8 E:\PHP\LLERP\protected\controllers\OrderController.php(172): CController->render('goodsList', Array)
#9 [internal function]: OrderController->actionGoodsList(NULL)
#10 E:\PHP\framework\web\actions\CAction.php(104): ReflectionMethod->invokeArgs(Object(OrderController), Array)
#11 E:\PHP\framework\web\actions\CInlineAction.php(48): CAction->runWithParamsInternal(Object(OrderController), Object(ReflectionMethod), Array)
#12 E:\PHP\framework\web\CController.php(300): CInlineAction->runWithParams(Array)
#13 E:\PHP\framework\web\CController.php(278): CController->runAction(Object(CInlineAction))
#14 E:\PHP\framework\web\CController.php(257): CController->runActionWithFilters(Object(CInlineAction), Array)
#15 E:\PHP\framework\web\CWebApplication.php(277): CController->run('goodsList')
#16 E:\PHP\framework\web\CWebApplication.php(136): CWebApplication->runController('order/goodsList')
#17 E:\PHP\framework\base\CApplication.php(158): CWebApplication->processRequest()
#18 E:\PHP\LLERP\index.php(13): CApplication->run()
#19 {main} REQUEST_URI=/llerp/index.php?r=order/goodsList
2011/09/19 11:54:40 [warning] [application] Failed to set unsafe attribute "memo" of "Order".
in E:\PHP\LLERP\protected\controllers\OrderController.php (447)
in E:\PHP\LLERP\index.php (13)
2011/09/19 11:54:40 [error] [system.db.CDbCommand] CDbCommand::execute() failed: SQLSTATE[23000]: Integrity constraint violation: 1062 Duplicate entry 'S00103' for key 'sn'. The SQL statement executed was: INSERT INTO `ll_erp_order` (`logistics_sn`, `pay_time`, `receive_time`, `shoot_time`, `example_img`, `following`, `sn`, `user_id`, `user_name`, `create_time`, `update_time`, `receive_address`, `status`, `studio_shoot`, `shoot_notice`, `retouch`, `other_comment`, `artwork`, `square`, `typesetting`, `diff_color`, `total_price`, `outdoor_shoot`) VALUES (:yp0, :yp1, :yp2, :yp3, :yp4, :yp5, :yp6, :yp7, :yp8, :yp9, :yp10, :yp11, :yp12, :yp13, :yp14, :yp15, :yp16, :yp17, :yp18, :yp19, :yp20, :yp21, :yp22).
in E:\PHP\LLERP\protected\controllers\OrderController.php (451)
in E:\PHP\LLERP\index.php (13)
2011/09/19 11:54:40 [error] [exception.CDbException] exception 'CDbException' with message 'CDbCommand failed to execute the SQL statement: SQLSTATE[23000]: Integrity constraint violation: 1062 Duplicate entry 'S00103' for key 'sn'. The SQL statement executed was: INSERT INTO `ll_erp_order` (`logistics_sn`, `pay_time`, `receive_time`, `shoot_time`, `example_img`, `following`, `sn`, `user_id`, `user_name`, `create_time`, `update_time`, `receive_address`, `status`, `studio_shoot`, `shoot_notice`, `retouch`, `other_comment`, `artwork`, `square`, `typesetting`, `diff_color`, `total_price`, `outdoor_shoot`) VALUES (:yp0, :yp1, :yp2, :yp3, :yp4, :yp5, :yp6, :yp7, :yp8, :yp9, :yp10, :yp11, :yp12, :yp13, :yp14, :yp15, :yp16, :yp17, :yp18, :yp19, :yp20, :yp21, :yp22)' in E:\PHP\framework\db\CDbCommand.php:336
Stack trace:
#0 E:\PHP\framework\db\ar\CActiveRecord.php(1017): CDbCommand->execute()
#1 E:\PHP\framework\db\ar\CActiveRecord.php(781): CActiveRecord->insert(NULL)
#2 E:\PHP\LLERP\protected\controllers\OrderController.php(451): CActiveRecord->save()
#3 [internal function]: OrderController->actionShootScene(NULL)
#4 E:\PHP\framework\web\actions\CAction.php(104): ReflectionMethod->invokeArgs(Object(OrderController), Array)
#5 E:\PHP\framework\web\actions\CInlineAction.php(48): CAction->runWithParamsInternal(Object(OrderController), Object(ReflectionMethod), Array)
#6 E:\PHP\framework\web\CController.php(300): CInlineAction->runWithParams(Array)
#7 E:\PHP\framework\web\CController.php(278): CController->runAction(Object(CInlineAction))
#8 E:\PHP\framework\web\CController.php(257): CController->runActionWithFilters(Object(CInlineAction), Array)
#9 E:\PHP\framework\web\CWebApplication.php(277): CController->run('shootScene')
#10 E:\PHP\framework\web\CWebApplication.php(136): CWebApplication->runController('order/shootScen...')
#11 E:\PHP\framework\base\CApplication.php(158): CWebApplication->processRequest()
#12 E:\PHP\LLERP\index.php(13): CApplication->run()
#13 {main} REQUEST_URI=/llerp/index.php?r=order/shootScene
2011/09/19 12:00:38 [warning] [application] Failed to set unsafe attribute "saveTime" of "LoginForm".
in E:\PHP\LLERP\protected\controllers\UserController.php (25)
in E:\PHP\LLERP\index.php (13)
2011/09/19 12:01:33 [warning] [application] Failed to set unsafe attribute "saveTime" of "LoginForm".
in E:\PHP\LLERP\protected\controllers\UserController.php (25)
in E:\PHP\LLERP\index.php (13)
2011/09/19 12:02:02 [warning] [application] Failed to set unsafe attribute "saveTime" of "LoginForm".
in E:\PHP\LLERP\protected\controllers\UserController.php (25)
in E:\PHP\LLERP\index.php (13)
2011/09/19 12:02:47 [warning] [application] Failed to set unsafe attribute "saveTime" of "LoginForm".
in E:\PHP\LLERP\protected\controllers\UserController.php (25)
in E:\PHP\LLERP\index.php (13)
2011/09/19 12:09:52 [warning] [application] Failed to set unsafe attribute "saveTime" of "LoginForm".
in E:\PHP\LLERP\protected\controllers\UserController.php (25)
in E:\PHP\LLERP\index.php (13)
2011/09/19 12:10:08 [warning] [application] Failed to set unsafe attribute "saveTime" of "LoginForm".
in E:\PHP\LLERP\protected\controllers\UserController.php (25)
in E:\PHP\LLERP\index.php (13)
2011/09/19 12:10:47 [warning] [application] Failed to set unsafe attribute "saveTime" of "LoginForm".
in E:\PHP\LLERP\protected\controllers\UserController.php (25)
in E:\PHP\LLERP\index.php (13)
2011/09/19 12:11:48 [error] [exception.CException] exception 'CException' with message 'CWebApplication and its behaviors do not have a method or closure named "getState".' in E:\PHP\framework\base\CComponent.php:269
Stack trace:
#0 E:\PHP\LLERP\protected\controllers\OrderController.php(14): CComponent->__call('getState', Array)
#1 E:\PHP\LLERP\protected\controllers\OrderController.php(14): CWebApplication->getState('nextOrder')
#2 E:\PHP\framework\web\actions\CInlineAction.php(50): OrderController->actionIndex()
#3 E:\PHP\framework\web\CController.php(300): CInlineAction->runWithParams(Array)
#4 E:\PHP\framework\web\CController.php(278): CController->runAction(Object(CInlineAction))
#5 E:\PHP\framework\web\CController.php(257): CController->runActionWithFilters(Object(CInlineAction), Array)
#6 E:\PHP\framework\web\CWebApplication.php(277): CController->run('index')
#7 E:\PHP\framework\web\CWebApplication.php(136): CWebApplication->runController('order/index')
#8 E:\PHP\framework\base\CApplication.php(158): CWebApplication->processRequest()
#9 E:\PHP\LLERP\index.php(13): CApplication->run()
#10 {main} REQUEST_URI=/llerp/index.php?r=order/index
2011/09/19 12:30:20 [warning] [application] Failed to set unsafe attribute "memo" of "Order".
in E:\PHP\LLERP\protected\controllers\OrderController.php (447)
in E:\PHP\LLERP\index.php (13)
2011/09/19 12:30:20 [warning] [application] Failed to set unsafe attribute "id" of "OrderGoods".
in E:\PHP\LLERP\protected\controllers\OrderController.php (590)
in E:\PHP\LLERP\protected\controllers\OrderController.php (451)
in E:\PHP\LLERP\index.php (13)
2011/09/20 03:17:52 [warning] [application] Failed to set unsafe attribute "saveTime" of "LoginForm".
in E:\PHP\LLERP\protected\controllers\UserController.php (25)
in E:\PHP\LLERP\index.php (13)
2011/09/20 03:18:29 [warning] [application] Failed to set unsafe attribute "saveTime" of "LoginForm".
in E:\PHP\LLERP\protected\controllers\UserController.php (25)
in E:\PHP\LLERP\index.php (13)
2011/09/20 03:27:13 [warning] [application] Failed to set unsafe attribute "id" of "UserReceive".
in E:\PHP\LLERP\protected\controllers\UserController.php (142)
in E:\PHP\LLERP\index.php (13)
2011/09/20 03:27:13 [warning] [application] Failed to set unsafe attribute "default" of "UserReceive".
in E:\PHP\LLERP\protected\controllers\UserController.php (142)
in E:\PHP\LLERP\index.php (13)
2011/09/20 03:27:55 [warning] [application] Failed to set unsafe attribute "id" of "UserReceive".
in E:\PHP\LLERP\protected\controllers\UserController.php (142)
in E:\PHP\LLERP\index.php (13)
2011/09/20 03:27:55 [warning] [application] Failed to set unsafe attribute "default" of "UserReceive".
in E:\PHP\LLERP\protected\controllers\UserController.php (142)
in E:\PHP\LLERP\index.php (13)
2011/09/20 03:29:10 [warning] [application] Failed to set unsafe attribute "id" of "UserReceive".
in E:\PHP\LLERP\protected\controllers\UserController.php (142)
in E:\PHP\LLERP\index.php (13)
2011/09/20 03:29:10 [warning] [application] Failed to set unsafe attribute "default" of "UserReceive".
in E:\PHP\LLERP\protected\controllers\UserController.php (142)
in E:\PHP\LLERP\index.php (13)
2011/09/20 03:37:28 [warning] [application] Failed to set unsafe attribute "saveTime" of "LoginForm".
in E:\PHP\LLERP\protected\controllers\UserController.php (25)
in E:\PHP\LLERP\index.php (13)
2011/10/19 13:17:32 [warning] [application] Failed to set unsafe attribute "saveTime" of "LoginForm".
in E:\PHP\llerp\protected\controllers\UserController.php (25)
in E:\PHP\llerp\index.php (13)
2011/10/19 13:17:37 [warning] [application] Failed to set unsafe attribute "saveTime" of "LoginForm".
in E:\PHP\llerp\protected\controllers\UserController.php (25)
in E:\PHP\llerp\index.php (13)
2011/10/19 13:22:26 [error] [exception.CException] exception 'CException' with message 'CWebApplication and its behaviors do not have a method or closure named "cache".' in E:\PHP\framework\base\CComponent.php:269
Stack trace:
#0 E:\PHP\llerp\protected\components\Controller.php(13): CComponent->__call('cache', Array)
#1 E:\PHP\llerp\protected\components\Controller.php(13): CWebApplication->cache()
#2 E:\PHP\framework\web\CController.php(298): Controller->beforeAction(Object(CInlineAction))
#3 E:\PHP\framework\web\CController.php(278): CController->runAction(Object(CInlineAction))
#4 E:\PHP\framework\web\CController.php(257): CController->runActionWithFilters(Object(CInlineAction), Array)
#5 E:\PHP\framework\web\CWebApplication.php(277): CController->run('selectModels')
#6 E:\PHP\framework\web\CWebApplication.php(136): CWebApplication->runController('order/selectMod...')
#7 E:\PHP\framework\base\CApplication.php(158): CWebApplication->processRequest()
#8 E:\PHP\llerp\index.php(13): CApplication->run()
#9 {main} REQUEST_URI=/llerp/index.php?r=order/selectModels&id=
2011/10/19 14:00:07 [warning] [application] Failed to set unsafe attribute "saveTime" of "LoginForm".
in E:\PHP\llerp\protected\controllers\UserController.php (30)
in E:\PHP\llerp\index.php (13)
2011/10/19 14:00:07 [error] [php] Undefined variable: user (E:\PHP\llerp\protected\components\UserIdentity.php:25)
Stack trace:
#0 E:\PHP\framework\web\actions\CInlineAction.php(50): UserController->actionLogin()
#1 E:\PHP\framework\web\CController.php(300): CInlineAction->runWithParams()
#2 E:\PHP\framework\web\CController.php(278): UserController->runAction()
#3 E:\PHP\framework\web\CController.php(257): UserController->runActionWithFilters()
#4 E:\PHP\framework\web\CWebApplication.php(277): UserController->run()
#5 E:\PHP\framework\web\CWebApplication.php(136): CWebApplication->runController()
#6 E:\PHP\framework\base\CApplication.php(158): CWebApplication->processRequest()
#7 E:\PHP\llerp\index.php(13): CWebApplication->run()
REQUEST_URI=/llerp/index.php
in E:\PHP\llerp\protected\components\UserIdentity.php (25)
in E:\PHP\llerp\protected\components\LoginForm.php (42)
in E:\PHP\llerp\protected\controllers\UserController.php (33)
2011/10/19 14:01:38 [warning] [application] Failed to set unsafe attribute "saveTime" of "LoginForm".
in E:\PHP\llerp\protected\controllers\UserController.php (30)
in E:\PHP\llerp\index.php (13)
2011/10/19 14:05:49 [error] [php] Undefined variable: orderList (E:\PHP\llerp\protected\views\user\list.php:11)
Stack trace:
#0 E:\PHP\framework\web\CController.php(866): UserController->renderFile()
#1 E:\PHP\framework\web\CController.php(779): UserController->renderPartial()
#2 E:\PHP\llerp\protected\controllers\UserController.php(360): UserController->render()
#3 E:\PHP\framework\web\actions\CInlineAction.php(50): UserController->actionList()
#4 E:\PHP\framework\web\CController.php(300): CInlineAction->runWithParams()
#5 E:\PHP\framework\web\CController.php(278): UserController->runAction()
#6 E:\PHP\framework\web\CController.php(257): UserController->runActionWithFilters()
#7 E:\PHP\framework\web\CWebApplication.php(277): UserController->run()
#8 E:\PHP\framework\web\CWebApplication.php(136): CWebApplication->runController()
#9 E:\PHP\framework\base\CApplication.php(158): CWebApplication->processRequest()
#10 E:\PHP\llerp\index.php(13): CWebApplication->run()
REQUEST_URI=/llerp/index.php?r=user/list
in E:\PHP\llerp\protected\views\user\list.php (11)
in E:\PHP\llerp\protected\controllers\UserController.php (360)
in E:\PHP\llerp\index.php (13)
2011/10/19 14:12:37 [error] [exception.CException] exception 'CException' with message 'Property "User.user_name" is not defined.' in E:\PHP\framework\base\CComponent.php:131
Stack trace:
#0 E:\PHP\framework\db\ar\CActiveRecord.php(129): CComponent->__get('user_name')
#1 E:\PHP\llerp\protected\views\user\list.php(15): CActiveRecord->__get('user_name')
#2 E:\PHP\framework\web\CBaseController.php(119): require('E:\PHP\llerp\pr...')
#3 E:\PHP\framework\web\CBaseController.php(88): CBaseController->renderInternal('E:\PHP\llerp\pr...', Array, true)
#4 E:\PHP\framework\web\CController.php(866): CBaseController->renderFile('E:\PHP\llerp\pr...', Array, true)
#5 E:\PHP\framework\web\CController.php(779): CController->renderPartial('list', Array, true)
#6 E:\PHP\llerp\protected\controllers\UserController.php(360): CController->render('list', Array)
#7 E:\PHP\framework\web\actions\CInlineAction.php(50): UserController->actionList()
#8 E:\PHP\framework\web\CController.php(300): CInlineAction->runWithParams(Array)
#9 E:\PHP\framework\web\CController.php(278): CController->runAction(Object(CInlineAction))
#10 E:\PHP\framework\web\CController.php(257): CController->runActionWithFilters(Object(CInlineAction), Array)
#11 E:\PHP\framework\web\CWebApplication.php(277): CController->run('list')
#12 E:\PHP\framework\web\CWebApplication.php(136): CWebApplication->runController('user/list')
#13 E:\PHP\framework\base\CApplication.php(158): CWebApplication->processRequest()
#14 E:\PHP\llerp\index.php(13): CApplication->run()
#15 {main} REQUEST_URI=/llerp/index.php?r=user/list
2011/10/19 14:12:51 [error] [php] Trying to get property of non-object (E:\PHP\llerp\protected\views\user\list.php:20)
Stack trace:
#0 E:\PHP\framework\web\CController.php(866): UserController->renderFile()
#1 E:\PHP\framework\web\CController.php(779): UserController->renderPartial()
#2 E:\PHP\llerp\protected\controllers\UserController.php(360): UserController->render()
#3 E:\PHP\framework\web\actions\CInlineAction.php(50): UserController->actionList()
#4 E:\PHP\framework\web\CController.php(300): CInlineAction->runWithParams()
#5 E:\PHP\framework\web\CController.php(278): UserController->runAction()
#6 E:\PHP\framework\web\CController.php(257): UserController->runActionWithFilters()
#7 E:\PHP\framework\web\CWebApplication.php(277): UserController->run()
#8 E:\PHP\framework\web\CWebApplication.php(136): CWebApplication->runController()
#9 E:\PHP\framework\base\CApplication.php(158): CWebApplication->processRequest()
#10 E:\PHP\llerp\index.php(13): CWebApplication->run()
REQUEST_URI=/llerp/index.php?r=user/list
in E:\PHP\llerp\protected\views\user\list.php (20)
in E:\PHP\llerp\protected\controllers\UserController.php (360)
in E:\PHP\llerp\index.php (13)
2011/10/19 14:26:55 [error] [exception.CException] exception 'CException' with message 'Property "Models.waish" is not defined.' in E:\PHP\framework\base\CComponent.php:131
Stack trace:
#0 E:\PHP\framework\db\ar\CActiveRecord.php(129): CComponent->__get('waish')
#1 E:\PHP\llerp\protected\views\model\index.php(18): CActiveRecord->__get('waish')
#2 E:\PHP\framework\web\CBaseController.php(119): require('E:\PHP\llerp\pr...')
#3 E:\PHP\framework\web\CBaseController.php(88): CBaseController->renderInternal('E:\PHP\llerp\pr...', Array, true)
#4 E:\PHP\framework\web\CController.php(866): CBaseController->renderFile('E:\PHP\llerp\pr...', Array, true)
#5 E:\PHP\framework\web\CController.php(779): CController->renderPartial('index', Array, true)
#6 E:\PHP\llerp\protected\controllers\ModelController.php(7): CController->render('index', Array)
#7 E:\PHP\framework\web\actions\CInlineAction.php(50): ModelController->actionIndex()
#8 E:\PHP\framework\web\CController.php(300): CInlineAction->runWithParams(Array)
#9 E:\PHP\framework\web\CController.php(278): CController->runAction(Object(CInlineAction))
#10 E:\PHP\framework\web\CController.php(257): CController->runActionWithFilters(Object(CInlineAction), Array)
#11 E:\PHP\framework\web\CWebApplication.php(277): CController->run('index')
#12 E:\PHP\framework\web\CWebApplication.php(136): CWebApplication->runController('model/index')
#13 E:\PHP\framework\base\CApplication.php(158): CWebApplication->processRequest()
#14 E:\PHP\llerp\index.php(13): CApplication->run()
#15 {main} REQUEST_URI=/llerp/index.php?r=model/index
2011/10/19 14:27:07 [error] [php] Undefined index:  index (E:\PHP\llerp\protected\widget\views\sitemap.php:3)
Stack trace:
#0 E:\PHP\framework\web\widgets\CWidget.php(242): SiteMap->renderFile()
#1 E:\PHP\llerp\protected\widget\SiteMap.php(11): SiteMap->render()
#2 E:\PHP\framework\web\CBaseController.php(166): SiteMap->run()
#3 E:\PHP\llerp\protected\views\layouts\main.php(53): ModelController->widget()
#4 E:\PHP\framework\web\CBaseController.php(119): require()
#5 E:\PHP\framework\web\CBaseController.php(88): ModelController->renderInternal()
#6 E:\PHP\framework\web\CController.php(781): ModelController->renderFile()
#7 E:\PHP\llerp\protected\controllers\ModelController.php(7): ModelController->render()
#8 E:\PHP\framework\web\actions\CInlineAction.php(50): ModelController->actionIndex()
#9 E:\PHP\framework\web\CController.php(300): CInlineAction->runWithParams()
#10 E:\PHP\framework\web\CController.php(278): ModelController->runAction()
#11 E:\PHP\framework\web\CController.php(257): ModelController->runActionWithFilters()
#12 E:\PHP\framework\web\CWebApplication.php(277): ModelController->run()
#13 E:\PHP\framework\web\CWebApplication.php(136): CWebApplication->runController()
#14 E:\PHP\framework\base\CApplication.php(158): CWebApplication->processRequest()
#15 E:\PHP\llerp\index.php(13): CWebApplication->run()
REQUEST_URI=/llerp/index.php?r=model/index
in E:\PHP\llerp\protected\widget\views\sitemap.php (3)
in E:\PHP\llerp\protected\widget\SiteMap.php (11)
in E:\PHP\llerp\protected\views\layouts\main.php (53)
2011/10/19 14:29:16 [error] [php] Trying to get property of non-object (E:\PHP\llerp\protected\views\order\print.php:83)
Stack trace:
#0 E:\PHP\framework\web\CController.php(866): OrderController->renderFile()
#1 E:\PHP\framework\web\CController.php(779): OrderController->renderPartial()
#2 E:\PHP\llerp\protected\controllers\OrderController.php(565): OrderController->render()
#3 unknown(0): OrderController->actionPrint()
#4 E:\PHP\framework\web\actions\CAction.php(104): ReflectionMethod->invokeArgs()
#5 E:\PHP\framework\web\actions\CInlineAction.php(48): CInlineAction->runWithParamsInternal()
#6 E:\PHP\framework\web\CController.php(300): CInlineAction->runWithParams()
#7 E:\PHP\framework\web\CController.php(278): OrderController->runAction()
#8 E:\PHP\framework\web\CController.php(257): OrderController->runActionWithFilters()
#9 E:\PHP\framework\web\CWebApplication.php(277): OrderController->run()
#10 E:\PHP\framework\web\CWebApplication.php(136): CWebApplication->runController()
#11 E:\PHP\framework\base\CApplication.php(158): CWebApplication->processRequest()
#12 E:\PHP\llerp\index.php(13): CWebApplication->run()
REQUEST_URI=/llerp/index.php?r=order/print&id=7
in E:\PHP\llerp\protected\views\order\print.php (83)
in E:\PHP\llerp\protected\controllers\OrderController.php (565)
in E:\PHP\llerp\index.php (13)
2011/10/19 14:29:19 [error] [php] Trying to get property of non-object (E:\PHP\llerp\protected\views\order\print.php:83)
Stack trace:
#0 E:\PHP\framework\web\CController.php(866): OrderController->renderFile()
#1 E:\PHP\framework\web\CController.php(779): OrderController->renderPartial()
#2 E:\PHP\llerp\protected\controllers\OrderController.php(565): OrderController->render()
#3 unknown(0): OrderController->actionPrint()
#4 E:\PHP\framework\web\actions\CAction.php(104): ReflectionMethod->invokeArgs()
#5 E:\PHP\framework\web\actions\CInlineAction.php(48): CInlineAction->runWithParamsInternal()
#6 E:\PHP\framework\web\CController.php(300): CInlineAction->runWithParams()
#7 E:\PHP\framework\web\CController.php(278): OrderController->runAction()
#8 E:\PHP\framework\web\CController.php(257): OrderController->runActionWithFilters()
#9 E:\PHP\framework\web\CWebApplication.php(277): OrderController->run()
#10 E:\PHP\framework\web\CWebApplication.php(136): CWebApplication->runController()
#11 E:\PHP\framework\base\CApplication.php(158): CWebApplication->processRequest()
#12 E:\PHP\llerp\index.php(13): CWebApplication->run()
REQUEST_URI=/llerp/index.php?r=order/print&id=5
in E:\PHP\llerp\protected\views\order\print.php (83)
in E:\PHP\llerp\protected\controllers\OrderController.php (565)
in E:\PHP\llerp\index.php (13)
2011/10/19 14:29:49 [warning] [application] Failed to set unsafe attribute "saveTime" of "LoginForm".
in E:\PHP\llerp\protected\controllers\UserController.php (30)
in E:\PHP\llerp\index.php (13)
2011/10/19 14:36:54 [warning] [application] Failed to set unsafe attribute "saveTime" of "LoginForm".
in E:\PHP\llerp\protected\controllers\UserController.php (30)
in E:\PHP\llerp\index.php (13)
2011/10/19 14:41:26 [error] [exception.CHttpException.404] exception 'CHttpException' with message 'The system is unable to find the requested action "show".' in E:\PHP\framework\web\CController.php:477
Stack trace:
#0 E:\PHP\framework\web\CController.php(262): CController->missingAction('show')
#1 E:\PHP\framework\web\CWebApplication.php(277): CController->run('show')
#2 E:\PHP\framework\web\CWebApplication.php(136): CWebApplication->runController('model/show')
#3 E:\PHP\framework\base\CApplication.php(158): CWebApplication->processRequest()
#4 E:\PHP\llerp\index.php(13): CApplication->run()
#5 {main} REQUEST_URI=/llerp/index.php?r=model/show&id=1
2011/10/19 14:46:30 [error] [exception.CException] exception 'CException' with message 'Property "Models.nick_name" is not defined.' in E:\PHP\framework\base\CComponent.php:131
Stack trace:
#0 E:\PHP\framework\db\ar\CActiveRecord.php(129): CComponent->__get('nick_name')
#1 E:\PHP\llerp\protected\views\model\show.php(4): CActiveRecord->__get('nick_name')
#2 E:\PHP\framework\web\CBaseController.php(119): require('E:\PHP\llerp\pr...')
#3 E:\PHP\framework\web\CBaseController.php(88): CBaseController->renderInternal('E:\PHP\llerp\pr...', Array, true)
#4 E:\PHP\framework\web\CController.php(866): CBaseController->renderFile('E:\PHP\llerp\pr...', Array, true)
#5 E:\PHP\framework\web\CController.php(779): CController->renderPartial('show', Array, true)
#6 E:\PHP\llerp\protected\controllers\ModelController.php(19): CController->render('show', Array)
#7 [internal function]: ModelController->actionShow('1')
#8 E:\PHP\framework\web\actions\CAction.php(104): ReflectionMethod->invokeArgs(Object(ModelController), Array)
#9 E:\PHP\framework\web\actions\CInlineAction.php(48): CAction->runWithParamsInternal(Object(ModelController), Object(ReflectionMethod), Array)
#10 E:\PHP\framework\web\CController.php(300): CInlineAction->runWithParams(Array)
#11 E:\PHP\framework\web\CController.php(278): CController->runAction(Object(CInlineAction))
#12 E:\PHP\framework\web\CController.php(257): CController->runActionWithFilters(Object(CInlineAction), Array)
#13 E:\PHP\framework\web\CWebApplication.php(277): CController->run('show')
#14 E:\PHP\framework\web\CWebApplication.php(136): CWebApplication->runController('model/show')
#15 E:\PHP\framework\base\CApplication.php(158): CWebApplication->processRequest()
#16 E:\PHP\llerp\index.php(13): CApplication->run()
#17 {main} REQUEST_URI=/llerp/index.php?r=model/show&id=1
2011/10/19 15:13:38 [error] [php] Undefined index:  edit (E:\PHP\llerp\protected\widget\views\sitemap.php:3)
Stack trace:
#0 E:\PHP\framework\web\widgets\CWidget.php(242): SiteMap->renderFile()
#1 E:\PHP\llerp\protected\widget\SiteMap.php(11): SiteMap->render()
#2 E:\PHP\framework\web\CBaseController.php(166): SiteMap->run()
#3 E:\PHP\llerp\protected\views\layouts\main.php(53): ModelController->widget()
#4 E:\PHP\framework\web\CBaseController.php(119): require()
#5 E:\PHP\framework\web\CBaseController.php(88): ModelController->renderInternal()
#6 E:\PHP\framework\web\CController.php(781): ModelController->renderFile()
#7 E:\PHP\llerp\protected\controllers\ModelController.php(40): ModelController->render()
#8 unknown(0): ModelController->actionEdit()
#9 E:\PHP\framework\web\actions\CAction.php(104): ReflectionMethod->invokeArgs()
#10 E:\PHP\framework\web\actions\CInlineAction.php(48): CInlineAction->runWithParamsInternal()
#11 E:\PHP\framework\web\CController.php(300): CInlineAction->runWithParams()
#12 E:\PHP\framework\web\CController.php(278): ModelController->runAction()
#13 E:\PHP\framework\web\CController.php(257): ModelController->runActionWithFilters()
#14 E:\PHP\framework\web\CWebApplication.php(277): ModelController->run()
#15 E:\PHP\framework\web\CWebApplication.php(136): CWebApplication->runController()
#16 E:\PHP\framework\base\CApplication.php(158): CWebApplication->processRequest()
#17 E:\PHP\llerp\index.php(13): CWebApplication->run()
REQUEST_URI=/llerp/index.php?r=model/edit&id=1
in E:\PHP\llerp\protected\widget\views\sitemap.php (3)
in E:\PHP\llerp\protected\widget\SiteMap.php (11)
in E:\PHP\llerp\protected\views\layouts\main.php (53)
2011/10/19 15:25:17 [error] [php] Missing argument 1 for CController::createUrl(), called in E:\PHP\llerp\protected\views\model\edit.php on line 14 and defined (E:\PHP\framework\web\CController.php:956)
Stack trace:
#0 E:\PHP\framework\web\CBaseController.php(88): ModelController->renderInternal()
#1 E:\PHP\framework\web\CController.php(866): ModelController->renderFile()
#2 E:\PHP\framework\web\CController.php(779): ModelController->renderPartial()
#3 E:\PHP\llerp\protected\controllers\ModelController.php(41): ModelController->render()
#4 unknown(0): ModelController->actionEdit()
#5 E:\PHP\framework\web\actions\CAction.php(104): ReflectionMethod->invokeArgs()
#6 E:\PHP\framework\web\actions\CInlineAction.php(48): CInlineAction->runWithParamsInternal()
#7 E:\PHP\framework\web\CController.php(300): CInlineAction->runWithParams()
#8 E:\PHP\framework\web\CController.php(278): ModelController->runAction()
#9 E:\PHP\framework\web\CController.php(257): ModelController->runActionWithFilters()
#10 E:\PHP\framework\web\CWebApplication.php(277): ModelController->run()
#11 E:\PHP\framework\web\CWebApplication.php(136): CWebApplication->runController()
#12 E:\PHP\framework\base\CApplication.php(158): CWebApplication->processRequest()
#13 E:\PHP\llerp\index.php(13): CWebApplication->run()
REQUEST_URI=/llerp/index.php?r=model/edit&id=1
in E:\PHP\llerp\protected\views\model\edit.php (14)
in E:\PHP\llerp\protected\controllers\ModelController.php (41)
in E:\PHP\llerp\index.php (13)
2011/10/19 15:57:19 [error] [php] Undefined index:  id (E:\PHP\llerp\protected\controllers\ModelController.php:30)
Stack trace:
#0 E:\PHP\framework\web\actions\CInlineAction.php(48): CInlineAction->runWithParamsInternal()
#1 E:\PHP\framework\web\CController.php(300): CInlineAction->runWithParams()
#2 E:\PHP\framework\web\CController.php(278): ModelController->runAction()
#3 E:\PHP\framework\web\CController.php(257): ModelController->runActionWithFilters()
#4 E:\PHP\framework\web\CWebApplication.php(277): ModelController->run()
#5 E:\PHP\framework\web\CWebApplication.php(136): CWebApplication->runController()
#6 E:\PHP\framework\base\CApplication.php(158): CWebApplication->processRequest()
#7 E:\PHP\llerp\index.php(13): CWebApplication->run()
REQUEST_URI=/llerp/index.php?r=model/edit
in E:\PHP\llerp\protected\controllers\ModelController.php (30)
in E:\PHP\llerp\index.php (13)
2011/10/19 15:58:34 [warning] [application] Failed to set unsafe attribute "id" of "Models".
in E:\PHP\llerp\protected\controllers\ModelController.php (39)
in E:\PHP\llerp\index.php (13)
2011/10/19 16:01:01 [error] [php] Undefined variable: user (E:\PHP\llerp\protected\views\model\index.php:22)
Stack trace:
#0 E:\PHP\framework\web\CController.php(866): ModelController->renderFile()
#1 E:\PHP\framework\web\CController.php(779): ModelController->renderPartial()
#2 E:\PHP\llerp\protected\controllers\ModelController.php(7): ModelController->render()
#3 E:\PHP\framework\web\actions\CInlineAction.php(50): ModelController->actionIndex()
#4 E:\PHP\framework\web\CController.php(300): CInlineAction->runWithParams()
#5 E:\PHP\framework\web\CController.php(278): ModelController->runAction()
#6 E:\PHP\framework\web\CController.php(257): ModelController->runActionWithFilters()
#7 E:\PHP\framework\web\CWebApplication.php(277): ModelController->run()
#8 E:\PHP\framework\web\CWebApplication.php(136): CWebApplication->runController()
#9 E:\PHP\framework\base\CApplication.php(158): CWebApplication->processRequest()
#10 E:\PHP\llerp\index.php(13): CWebApplication->run()
REQUEST_URI=/llerp/index.php?r=model/index
in E:\PHP\llerp\protected\views\model\index.php (22)
in E:\PHP\llerp\protected\controllers\ModelController.php (7)
in E:\PHP\llerp\index.php (13)
2011/10/19 16:01:08 [error] [exception.CHttpException.404] exception 'CHttpException' with message 'The system is unable to find the requested action "edit".' in E:\PHP\framework\web\CController.php:477
Stack trace:
#0 E:\PHP\framework\web\CController.php(262): CController->missingAction('edit')
#1 E:\PHP\framework\web\CWebApplication.php(277): CController->run('edit')
#2 E:\PHP\framework\web\CWebApplication.php(136): CWebApplication->runController('user/edit')
#3 E:\PHP\framework\base\CApplication.php(158): CWebApplication->processRequest()
#4 E:\PHP\llerp\index.php(13): CApplication->run()
#5 {main} REQUEST_URI=/llerp/index.php?r=user/edit&id=1
2011/10/19 16:01:21 [warning] [application] Failed to set unsafe attribute "id" of "Models".
in E:\PHP\llerp\protected\controllers\ModelController.php (39)
in E:\PHP\llerp\index.php (13)
2011/10/19 16:09:24 [warning] [application] Failed to set unsafe attribute "id" of "Models".
in E:\PHP\llerp\protected\controllers\ModelController.php (39)
in E:\PHP\llerp\index.php (13)
2011/10/19 16:11:42 [warning] [application] Failed to set unsafe attribute "id" of "Models".
in E:\PHP\llerp\protected\controllers\ModelController.php (39)
in E:\PHP\llerp\index.php (13)
2011/10/19 16:12:22 [warning] [application] Failed to set unsafe attribute "id" of "Models".
in E:\PHP\llerp\protected\controllers\ModelController.php (39)
in E:\PHP\llerp\index.php (13)
2011/10/20 07:00:26 [warning] [application] Failed to set unsafe attribute "saveTime" of "LoginForm".
in E:\PHP\llerp\protected\controllers\UserController.php (30)
in E:\PHP\llerp\index.php (13)
2011/10/20 07:00:32 [warning] [application] Failed to set unsafe attribute "saveTime" of "LoginForm".
in E:\PHP\llerp\protected\controllers\UserController.php (30)
in E:\PHP\llerp\index.php (13)
2011/10/22 02:24:44 [error] [php] Trying to get property of non-object (E:\PHP\llerp\protected\views\order\print.php:83)
Stack trace:
#0 E:\PHP\framework\web\CController.php(866): OrderController->renderFile()
#1 E:\PHP\framework\web\CController.php(779): OrderController->renderPartial()
#2 E:\PHP\llerp\protected\controllers\OrderController.php(565): OrderController->render()
#3 unknown(0): OrderController->actionPrint()
#4 E:\PHP\framework\web\actions\CAction.php(104): ReflectionMethod->invokeArgs()
#5 E:\PHP\framework\web\actions\CInlineAction.php(48): CInlineAction->runWithParamsInternal()
#6 E:\PHP\framework\web\CController.php(300): CInlineAction->runWithParams()
#7 E:\PHP\framework\web\CController.php(278): OrderController->runAction()
#8 E:\PHP\framework\web\CController.php(257): OrderController->runActionWithFilters()
#9 E:\PHP\framework\web\CWebApplication.php(277): OrderController->run()
#10 E:\PHP\framework\web\CWebApplication.php(136): CWebApplication->runController()
#11 E:\PHP\framework\base\CApplication.php(158): CWebApplication->processRequest()
#12 E:\PHP\llerp\index.php(13): CWebApplication->run()
REQUEST_URI=/llerp/index.php?r=order/print&id=7
in E:\PHP\llerp\protected\views\order\print.php (83)
in E:\PHP\llerp\protected\controllers\OrderController.php (565)
in E:\PHP\llerp\index.php (13)
2011/10/22 03:33:16 [warning] [application] Failed to set unsafe attribute "saveTime" of "LoginForm".
in E:\PHP\llerp\protected\controllers\UserController.php (30)
in E:\PHP\llerp\index.php (13)
2011/10/22 03:36:03 [warning] [application] Failed to set unsafe attribute "saveTime" of "LoginForm".
in E:\PHP\llerp\protected\controllers\UserController.php (30)
in E:\PHP\llerp\index.php (13)
2011/10/24 01:31:46 [warning] [application] Failed to set unsafe attribute "saveTime" of "LoginForm".
in E:\PHP\llerp\protected\controllers\UserController.php (30)
in E:\PHP\llerp\index.php (13)
2011/10/24 01:31:52 [warning] [application] Failed to set unsafe attribute "saveTime" of "LoginForm".
in E:\PHP\llerp\protected\controllers\UserController.php (30)
in E:\PHP\llerp\index.php (13)
2011/10/24 01:32:00 [error] [php] Trying to get property of non-object (E:\PHP\llerp\protected\views\order\print.php:83)
Stack trace:
#0 E:\PHP\framework\web\CController.php(866): OrderController->renderFile()
#1 E:\PHP\framework\web\CController.php(779): OrderController->renderPartial()
#2 E:\PHP\llerp\protected\controllers\OrderController.php(563): OrderController->render()
#3 unknown(0): OrderController->actionPrint()
#4 E:\PHP\framework\web\actions\CAction.php(104): ReflectionMethod->invokeArgs()
#5 E:\PHP\framework\web\actions\CInlineAction.php(48): CInlineAction->runWithParamsInternal()
#6 E:\PHP\framework\web\CController.php(300): CInlineAction->runWithParams()
#7 E:\PHP\framework\web\CController.php(278): OrderController->runAction()
#8 E:\PHP\framework\web\CController.php(257): OrderController->runActionWithFilters()
#9 E:\PHP\framework\web\CWebApplication.php(277): OrderController->run()
#10 E:\PHP\framework\web\CWebApplication.php(136): CWebApplication->runController()
#11 E:\PHP\framework\base\CApplication.php(158): CWebApplication->processRequest()
#12 E:\PHP\llerp\index.php(13): CWebApplication->run()
REQUEST_URI=/llerp/index.php?r=order/print&id=7
in E:\PHP\llerp\protected\views\order\print.php (83)
in E:\PHP\llerp\protected\controllers\OrderController.php (563)
in E:\PHP\llerp\index.php (13)
2011/10/24 01:32:32 [error] [php] Trying to get property of non-object (E:\PHP\llerp\protected\views\order\print.php:83)
Stack trace:
#0 E:\PHP\framework\web\CController.php(866): OrderController->renderFile()
#1 E:\PHP\framework\web\CController.php(779): OrderController->renderPartial()
#2 E:\PHP\llerp\protected\controllers\OrderController.php(563): OrderController->render()
#3 unknown(0): OrderController->actionPrint()
#4 E:\PHP\framework\web\actions\CAction.php(104): ReflectionMethod->invokeArgs()
#5 E:\PHP\framework\web\actions\CInlineAction.php(48): CInlineAction->runWithParamsInternal()
#6 E:\PHP\framework\web\CController.php(300): CInlineAction->runWithParams()
#7 E:\PHP\framework\web\CController.php(278): OrderController->runAction()
#8 E:\PHP\framework\web\CController.php(257): OrderController->runActionWithFilters()
#9 E:\PHP\framework\web\CWebApplication.php(277): OrderController->run()
#10 E:\PHP\framework\web\CWebApplication.php(136): CWebApplication->runController()
#11 E:\PHP\framework\base\CApplication.php(158): CWebApplication->processRequest()
#12 E:\PHP\llerp\index.php(13): CWebApplication->run()
REQUEST_URI=/llerp/index.php?r=order/print&id=7
in E:\PHP\llerp\protected\views\order\print.php (83)
in E:\PHP\llerp\protected\controllers\OrderController.php (563)
in E:\PHP\llerp\index.php (13)
2011/10/24 01:32:58 [error] [php] Trying to get property of non-object (E:\PHP\llerp\protected\views\order\print.php:83)
Stack trace:
#0 E:\PHP\framework\web\CController.php(866): OrderController->renderFile()
#1 E:\PHP\framework\web\CController.php(779): OrderController->renderPartial()
#2 E:\PHP\llerp\protected\controllers\OrderController.php(563): OrderController->render()
#3 unknown(0): OrderController->actionPrint()
#4 E:\PHP\framework\web\actions\CAction.php(104): ReflectionMethod->invokeArgs()
#5 E:\PHP\framework\web\actions\CInlineAction.php(48): CInlineAction->runWithParamsInternal()
#6 E:\PHP\framework\web\CController.php(300): CInlineAction->runWithParams()
#7 E:\PHP\framework\web\CController.php(278): OrderController->runAction()
#8 E:\PHP\framework\web\CController.php(257): OrderController->runActionWithFilters()
#9 E:\PHP\framework\web\CWebApplication.php(277): OrderController->run()
#10 E:\PHP\framework\web\CWebApplication.php(136): CWebApplication->runController()
#11 E:\PHP\framework\base\CApplication.php(158): CWebApplication->processRequest()
#12 E:\PHP\llerp\index.php(13): CWebApplication->run()
REQUEST_URI=/llerp/index.php?r=order/print&id=7
in E:\PHP\llerp\protected\views\order\print.php (83)
in E:\PHP\llerp\protected\controllers\OrderController.php (563)
in E:\PHP\llerp\index.php (13)
2011/10/24 01:32:58 [error] [php] Trying to get property of non-object (E:\PHP\llerp\protected\views\order\print.php:83)
Stack trace:
#0 E:\PHP\framework\web\CController.php(866): OrderController->renderFile()
#1 E:\PHP\framework\web\CController.php(779): OrderController->renderPartial()
#2 E:\PHP\llerp\protected\controllers\OrderController.php(563): OrderController->render()
#3 unknown(0): OrderController->actionPrint()
#4 E:\PHP\framework\web\actions\CAction.php(104): ReflectionMethod->invokeArgs()
#5 E:\PHP\framework\web\actions\CInlineAction.php(48): CInlineAction->runWithParamsInternal()
#6 E:\PHP\framework\web\CController.php(300): CInlineAction->runWithParams()
#7 E:\PHP\framework\web\CController.php(278): OrderController->runAction()
#8 E:\PHP\framework\web\CController.php(257): OrderController->runActionWithFilters()
#9 E:\PHP\framework\web\CWebApplication.php(277): OrderController->run()
#10 E:\PHP\framework\web\CWebApplication.php(136): CWebApplication->runController()
#11 E:\PHP\framework\base\CApplication.php(158): CWebApplication->processRequest()
#12 E:\PHP\llerp\index.php(13): CWebApplication->run()
REQUEST_URI=/llerp/index.php?r=order/print&id=7
in E:\PHP\llerp\protected\views\order\print.php (83)
in E:\PHP\llerp\protected\controllers\OrderController.php (563)
in E:\PHP\llerp\index.php (13)
2011/10/24 01:32:58 [error] [php] Trying to get property of non-object (E:\PHP\llerp\protected\views\order\print.php:83)
Stack trace:
#0 E:\PHP\framework\web\CController.php(866): OrderController->renderFile()
#1 E:\PHP\framework\web\CController.php(779): OrderController->renderPartial()
#2 E:\PHP\llerp\protected\controllers\OrderController.php(563): OrderController->render()
#3 unknown(0): OrderController->actionPrint()
#4 E:\PHP\framework\web\actions\CAction.php(104): ReflectionMethod->invokeArgs()
#5 E:\PHP\framework\web\actions\CInlineAction.php(48): CInlineAction->runWithParamsInternal()
#6 E:\PHP\framework\web\CController.php(300): CInlineAction->runWithParams()
#7 E:\PHP\framework\web\CController.php(278): OrderController->runAction()
#8 E:\PHP\framework\web\CController.php(257): OrderController->runActionWithFilters()
#9 E:\PHP\framework\web\CWebApplication.php(277): OrderController->run()
#10 E:\PHP\framework\web\CWebApplication.php(136): CWebApplication->runController()
#11 E:\PHP\framework\base\CApplication.php(158): CWebApplication->processRequest()
#12 E:\PHP\llerp\index.php(13): CWebApplication->run()
REQUEST_URI=/llerp/index.php?r=order/print&id=7
in E:\PHP\llerp\protected\views\order\print.php (83)
in E:\PHP\llerp\protected\controllers\OrderController.php (563)
in E:\PHP\llerp\index.php (13)
2011/10/24 01:32:59 [error] [php] Trying to get property of non-object (E:\PHP\llerp\protected\views\order\print.php:83)
Stack trace:
#0 E:\PHP\framework\web\CController.php(866): OrderController->renderFile()
#1 E:\PHP\framework\web\CController.php(779): OrderController->renderPartial()
#2 E:\PHP\llerp\protected\controllers\OrderController.php(563): OrderController->render()
#3 unknown(0): OrderController->actionPrint()
#4 E:\PHP\framework\web\actions\CAction.php(104): ReflectionMethod->invokeArgs()
#5 E:\PHP\framework\web\actions\CInlineAction.php(48): CInlineAction->runWithParamsInternal()
#6 E:\PHP\framework\web\CController.php(300): CInlineAction->runWithParams()
#7 E:\PHP\framework\web\CController.php(278): OrderController->runAction()
#8 E:\PHP\framework\web\CController.php(257): OrderController->runActionWithFilters()
#9 E:\PHP\framework\web\CWebApplication.php(277): OrderController->run()
#10 E:\PHP\framework\web\CWebApplication.php(136): CWebApplication->runController()
#11 E:\PHP\framework\base\CApplication.php(158): CWebApplication->processRequest()
#12 E:\PHP\llerp\index.php(13): CWebApplication->run()
REQUEST_URI=/llerp/index.php?r=order/print&id=7
in E:\PHP\llerp\protected\views\order\print.php (83)
in E:\PHP\llerp\protected\controllers\OrderController.php (563)
in E:\PHP\llerp\index.php (13)
2011/10/24 01:32:59 [error] [php] Trying to get property of non-object (E:\PHP\llerp\protected\views\order\print.php:83)
Stack trace:
#0 E:\PHP\framework\web\CController.php(866): OrderController->renderFile()
#1 E:\PHP\framework\web\CController.php(779): OrderController->renderPartial()
#2 E:\PHP\llerp\protected\controllers\OrderController.php(563): OrderController->render()
#3 unknown(0): OrderController->actionPrint()
#4 E:\PHP\framework\web\actions\CAction.php(104): ReflectionMethod->invokeArgs()
#5 E:\PHP\framework\web\actions\CInlineAction.php(48): CInlineAction->runWithParamsInternal()
#6 E:\PHP\framework\web\CController.php(300): CInlineAction->runWithParams()
#7 E:\PHP\framework\web\CController.php(278): OrderController->runAction()
#8 E:\PHP\framework\web\CController.php(257): OrderController->runActionWithFilters()
#9 E:\PHP\framework\web\CWebApplication.php(277): OrderController->run()
#10 E:\PHP\framework\web\CWebApplication.php(136): CWebApplication->runController()
#11 E:\PHP\framework\base\CApplication.php(158): CWebApplication->processRequest()
#12 E:\PHP\llerp\index.php(13): CWebApplication->run()
REQUEST_URI=/llerp/index.php?r=order/print&id=7
in E:\PHP\llerp\protected\views\order\print.php (83)
in E:\PHP\llerp\protected\controllers\OrderController.php (563)
in E:\PHP\llerp\index.php (13)
2011/10/24 01:32:59 [error] [php] Trying to get property of non-object (E:\PHP\llerp\protected\views\order\print.php:83)
Stack trace:
#0 E:\PHP\framework\web\CController.php(866): OrderController->renderFile()
#1 E:\PHP\framework\web\CController.php(779): OrderController->renderPartial()
#2 E:\PHP\llerp\protected\controllers\OrderController.php(563): OrderController->render()
#3 unknown(0): OrderController->actionPrint()
#4 E:\PHP\framework\web\actions\CAction.php(104): ReflectionMethod->invokeArgs()
#5 E:\PHP\framework\web\actions\CInlineAction.php(48): CInlineAction->runWithParamsInternal()
#6 E:\PHP\framework\web\CController.php(300): CInlineAction->runWithParams()
#7 E:\PHP\framework\web\CController.php(278): OrderController->runAction()
#8 E:\PHP\framework\web\CController.php(257): OrderController->runActionWithFilters()
#9 E:\PHP\framework\web\CWebApplication.php(277): OrderController->run()
#10 E:\PHP\framework\web\CWebApplication.php(136): CWebApplication->runController()
#11 E:\PHP\framework\base\CApplication.php(158): CWebApplication->processRequest()
#12 E:\PHP\llerp\index.php(13): CWebApplication->run()
REQUEST_URI=/llerp/index.php?r=order/print&id=7
in E:\PHP\llerp\protected\views\order\print.php (83)
in E:\PHP\llerp\protected\controllers\OrderController.php (563)
in E:\PHP\llerp\index.php (13)
2011/10/24 01:32:59 [error] [php] Trying to get property of non-object (E:\PHP\llerp\protected\views\order\print.php:83)
Stack trace:
#0 E:\PHP\framework\web\CController.php(866): OrderController->renderFile()
#1 E:\PHP\framework\web\CController.php(779): OrderController->renderPartial()
#2 E:\PHP\llerp\protected\controllers\OrderController.php(563): OrderController->render()
#3 unknown(0): OrderController->actionPrint()
#4 E:\PHP\framework\web\actions\CAction.php(104): ReflectionMethod->invokeArgs()
#5 E:\PHP\framework\web\actions\CInlineAction.php(48): CInlineAction->runWithParamsInternal()
#6 E:\PHP\framework\web\CController.php(300): CInlineAction->runWithParams()
#7 E:\PHP\framework\web\CController.php(278): OrderController->runAction()
#8 E:\PHP\framework\web\CController.php(257): OrderController->runActionWithFilters()
#9 E:\PHP\framework\web\CWebApplication.php(277): OrderController->run()
#10 E:\PHP\framework\web\CWebApplication.php(136): CWebApplication->runController()
#11 E:\PHP\framework\base\CApplication.php(158): CWebApplication->processRequest()
#12 E:\PHP\llerp\index.php(13): CWebApplication->run()
REQUEST_URI=/llerp/index.php?r=order/print&id=7
in E:\PHP\llerp\protected\views\order\print.php (83)
in E:\PHP\llerp\protected\controllers\OrderController.php (563)
in E:\PHP\llerp\index.php (13)
2011/10/24 01:33:00 [error] [php] Trying to get property of non-object (E:\PHP\llerp\protected\views\order\print.php:83)
Stack trace:
#0 E:\PHP\framework\web\CController.php(866): OrderController->renderFile()
#1 E:\PHP\framework\web\CController.php(779): OrderController->renderPartial()
#2 E:\PHP\llerp\protected\controllers\OrderController.php(563): OrderController->render()
#3 unknown(0): OrderController->actionPrint()
#4 E:\PHP\framework\web\actions\CAction.php(104): ReflectionMethod->invokeArgs()
#5 E:\PHP\framework\web\actions\CInlineAction.php(48): CInlineAction->runWithParamsInternal()
#6 E:\PHP\framework\web\CController.php(300): CInlineAction->runWithParams()
#7 E:\PHP\framework\web\CController.php(278): OrderController->runAction()
#8 E:\PHP\framework\web\CController.php(257): OrderController->runActionWithFilters()
#9 E:\PHP\framework\web\CWebApplication.php(277): OrderController->run()
#10 E:\PHP\framework\web\CWebApplication.php(136): CWebApplication->runController()
#11 E:\PHP\framework\base\CApplication.php(158): CWebApplication->processRequest()
#12 E:\PHP\llerp\index.php(13): CWebApplication->run()
REQUEST_URI=/llerp/index.php?r=order/print&id=7
in E:\PHP\llerp\protected\views\order\print.php (83)
in E:\PHP\llerp\protected\controllers\OrderController.php (563)
in E:\PHP\llerp\index.php (13)
2011/10/24 01:33:00 [error] [php] Trying to get property of non-object (E:\PHP\llerp\protected\views\order\print.php:83)
Stack trace:
#0 E:\PHP\framework\web\CController.php(866): OrderController->renderFile()
#1 E:\PHP\framework\web\CController.php(779): OrderController->renderPartial()
#2 E:\PHP\llerp\protected\controllers\OrderController.php(563): OrderController->render()
#3 unknown(0): OrderController->actionPrint()
#4 E:\PHP\framework\web\actions\CAction.php(104): ReflectionMethod->invokeArgs()
#5 E:\PHP\framework\web\actions\CInlineAction.php(48): CInlineAction->runWithParamsInternal()
#6 E:\PHP\framework\web\CController.php(300): CInlineAction->runWithParams()
#7 E:\PHP\framework\web\CController.php(278): OrderController->runAction()
#8 E:\PHP\framework\web\CController.php(257): OrderController->runActionWithFilters()
#9 E:\PHP\framework\web\CWebApplication.php(277): OrderController->run()
#10 E:\PHP\framework\web\CWebApplication.php(136): CWebApplication->runController()
#11 E:\PHP\framework\base\CApplication.php(158): CWebApplication->processRequest()
#12 E:\PHP\llerp\index.php(13): CWebApplication->run()
REQUEST_URI=/llerp/index.php?r=order/print&id=7
in E:\PHP\llerp\protected\views\order\print.php (83)
in E:\PHP\llerp\protected\controllers\OrderController.php (563)
in E:\PHP\llerp\index.php (13)
2011/10/24 01:33:00 [error] [php] Trying to get property of non-object (E:\PHP\llerp\protected\views\order\print.php:83)
Stack trace:
#0 E:\PHP\framework\web\CController.php(866): OrderController->renderFile()
#1 E:\PHP\framework\web\CController.php(779): OrderController->renderPartial()
#2 E:\PHP\llerp\protected\controllers\OrderController.php(563): OrderController->render()
#3 unknown(0): OrderController->actionPrint()
#4 E:\PHP\framework\web\actions\CAction.php(104): ReflectionMethod->invokeArgs()
#5 E:\PHP\framework\web\actions\CInlineAction.php(48): CInlineAction->runWithParamsInternal()
#6 E:\PHP\framework\web\CController.php(300): CInlineAction->runWithParams()
#7 E:\PHP\framework\web\CController.php(278): OrderController->runAction()
#8 E:\PHP\framework\web\CController.php(257): OrderController->runActionWithFilters()
#9 E:\PHP\framework\web\CWebApplication.php(277): OrderController->run()
#10 E:\PHP\framework\web\CWebApplication.php(136): CWebApplication->runController()
#11 E:\PHP\framework\base\CApplication.php(158): CWebApplication->processRequest()
#12 E:\PHP\llerp\index.php(13): CWebApplication->run()
REQUEST_URI=/llerp/index.php?r=order/print&id=7
in E:\PHP\llerp\protected\views\order\print.php (83)
in E:\PHP\llerp\protected\controllers\OrderController.php (563)
in E:\PHP\llerp\index.php (13)
2011/10/24 01:33:00 [error] [php] Trying to get property of non-object (E:\PHP\llerp\protected\views\order\print.php:83)
Stack trace:
#0 E:\PHP\framework\web\CController.php(866): OrderController->renderFile()
#1 E:\PHP\framework\web\CController.php(779): OrderController->renderPartial()
#2 E:\PHP\llerp\protected\controllers\OrderController.php(563): OrderController->render()
#3 unknown(0): OrderController->actionPrint()
#4 E:\PHP\framework\web\actions\CAction.php(104): ReflectionMethod->invokeArgs()
#5 E:\PHP\framework\web\actions\CInlineAction.php(48): CInlineAction->runWithParamsInternal()
#6 E:\PHP\framework\web\CController.php(300): CInlineAction->runWithParams()
#7 E:\PHP\framework\web\CController.php(278): OrderController->runAction()
#8 E:\PHP\framework\web\CController.php(257): OrderController->runActionWithFilters()
#9 E:\PHP\framework\web\CWebApplication.php(277): OrderController->run()
#10 E:\PHP\framework\web\CWebApplication.php(136): CWebApplication->runController()
#11 E:\PHP\framework\base\CApplication.php(158): CWebApplication->processRequest()
#12 E:\PHP\llerp\index.php(13): CWebApplication->run()
REQUEST_URI=/llerp/index.php?r=order/print&id=7
in E:\PHP\llerp\protected\views\order\print.php (83)
in E:\PHP\llerp\protected\controllers\OrderController.php (563)
in E:\PHP\llerp\index.php (13)
2011/10/24 01:33:01 [error] [php] Trying to get property of non-object (E:\PHP\llerp\protected\views\order\print.php:83)
Stack trace:
#0 E:\PHP\framework\web\CController.php(866): OrderController->renderFile()
#1 E:\PHP\framework\web\CController.php(779): OrderController->renderPartial()
#2 E:\PHP\llerp\protected\controllers\OrderController.php(563): OrderController->render()
#3 unknown(0): OrderController->actionPrint()
#4 E:\PHP\framework\web\actions\CAction.php(104): ReflectionMethod->invokeArgs()
#5 E:\PHP\framework\web\actions\CInlineAction.php(48): CInlineAction->runWithParamsInternal()
#6 E:\PHP\framework\web\CController.php(300): CInlineAction->runWithParams()
#7 E:\PHP\framework\web\CController.php(278): OrderController->runAction()
#8 E:\PHP\framework\web\CController.php(257): OrderController->runActionWithFilters()
#9 E:\PHP\framework\web\CWebApplication.php(277): OrderController->run()
#10 E:\PHP\framework\web\CWebApplication.php(136): CWebApplication->runController()
#11 E:\PHP\framework\base\CApplication.php(158): CWebApplication->processRequest()
#12 E:\PHP\llerp\index.php(13): CWebApplication->run()
REQUEST_URI=/llerp/index.php?r=order/print&id=7
in E:\PHP\llerp\protected\views\order\print.php (83)
in E:\PHP\llerp\protected\controllers\OrderController.php (563)
in E:\PHP\llerp\index.php (13)
2011/10/24 10:40:43 [error] [php] Trying to get property of non-object (E:\PHP\llerp\protected\views\order\print.php:83)
Stack trace:
#0 E:\PHP\framework\web\CController.php(866): OrderController->renderFile()
#1 E:\PHP\framework\web\CController.php(779): OrderController->renderPartial()
#2 E:\PHP\llerp\protected\controllers\OrderController.php(563): OrderController->render()
#3 unknown(0): OrderController->actionPrint()
#4 E:\PHP\framework\web\actions\CAction.php(104): ReflectionMethod->invokeArgs()
#5 E:\PHP\framework\web\actions\CInlineAction.php(48): CInlineAction->runWithParamsInternal()
#6 E:\PHP\framework\web\CController.php(300): CInlineAction->runWithParams()
#7 E:\PHP\framework\web\CController.php(278): OrderController->runAction()
#8 E:\PHP\framework\web\CController.php(257): OrderController->runActionWithFilters()
#9 E:\PHP\framework\web\CWebApplication.php(277): OrderController->run()
#10 E:\PHP\framework\web\CWebApplication.php(136): CWebApplication->runController()
#11 E:\PHP\framework\base\CApplication.php(158): CWebApplication->processRequest()
#12 E:\PHP\llerp\index.php(13): CWebApplication->run()
REQUEST_URI=/llerp/index.php?r=order/print&id=7
in E:\PHP\llerp\protected\views\order\print.php (83)
in E:\PHP\llerp\protected\controllers\OrderController.php (563)
in E:\PHP\llerp\index.php (13)
2011/10/24 10:44:08 [error] [php] Trying to get property of non-object (E:\PHP\llerp\protected\views\order\print.php:147)
Stack trace:
#0 E:\PHP\framework\web\CController.php(866): OrderController->renderFile()
#1 E:\PHP\framework\web\CController.php(779): OrderController->renderPartial()
#2 E:\PHP\llerp\protected\controllers\OrderController.php(563): OrderController->render()
#3 unknown(0): OrderController->actionPrint()
#4 E:\PHP\framework\web\actions\CAction.php(104): ReflectionMethod->invokeArgs()
#5 E:\PHP\framework\web\actions\CInlineAction.php(48): CInlineAction->runWithParamsInternal()
#6 E:\PHP\framework\web\CController.php(300): CInlineAction->runWithParams()
#7 E:\PHP\framework\web\CController.php(278): OrderController->runAction()
#8 E:\PHP\framework\web\CController.php(257): OrderController->runActionWithFilters()
#9 E:\PHP\framework\web\CWebApplication.php(277): OrderController->run()
#10 E:\PHP\framework\web\CWebApplication.php(136): CWebApplication->runController()
#11 E:\PHP\framework\base\CApplication.php(158): CWebApplication->processRequest()
#12 E:\PHP\llerp\index.php(13): CWebApplication->run()
REQUEST_URI=/llerp/index.php?r=order/print&id=7
in E:\PHP\llerp\protected\views\order\print.php (147)
in E:\PHP\llerp\protected\controllers\OrderController.php (563)
in E:\PHP\llerp\index.php (13)
2011/10/24 10:51:44 [error] [exception.CException] exception 'CException' with message 'CDbCommand and its behaviors do not have a method or closure named "excute".' in E:\PHP\framework\base\CComponent.php:269
Stack trace:
#0 E:\PHP\llerp\protected\models\Order.php(47): CComponent->__call('excute', Array)
#1 E:\PHP\llerp\protected\models\Order.php(47): CDbCommand->excute()
#2 E:\PHP\llerp\protected\controllers\OrderController.php(73): Order::changeStatus('7', '3')
#3 [internal function]: OrderController->actionChangeStatus('7', '3')
#4 E:\PHP\framework\web\actions\CAction.php(104): ReflectionMethod->invokeArgs(Object(OrderController), Array)
#5 E:\PHP\framework\web\actions\CInlineAction.php(48): CAction->runWithParamsInternal(Object(OrderController), Object(ReflectionMethod), Array)
#6 E:\PHP\framework\web\CController.php(300): CInlineAction->runWithParams(Array)
#7 E:\PHP\framework\web\CController.php(278): CController->runAction(Object(CInlineAction))
#8 E:\PHP\framework\web\CController.php(257): CController->runActionWithFilters(Object(CInlineAction), Array)
#9 E:\PHP\framework\web\CWebApplication.php(277): CController->run('changeStatus')
#10 E:\PHP\framework\web\CWebApplication.php(136): CWebApplication->runController('order/changeSta...')
#11 E:\PHP\framework\base\CApplication.php(158): CWebApplication->processRequest()
#12 E:\PHP\llerp\index.php(13): CApplication->run()
#13 {main} REQUEST_URI=/llerp/index.php?r=order/changeStatus&id=7&status=3
2011/10/24 10:58:25 [warning] [application] Failed to set unsafe attribute "saveTime" of "LoginForm".
in E:\PHP\llerp\protected\controllers\UserController.php (30)
in E:\PHP\llerp\index.php (13)
2011/10/24 10:58:31 [warning] [application] Failed to set unsafe attribute "saveTime" of "LoginForm".
in E:\PHP\llerp\protected\controllers\UserController.php (30)
in E:\PHP\llerp\index.php (13)
2011/10/24 10:58:34 [warning] [application] Failed to set unsafe attribute "saveTime" of "LoginForm".
in E:\PHP\llerp\protected\controllers\UserController.php (30)
in E:\PHP\llerp\index.php (13)
2011/10/24 10:58:38 [warning] [application] Failed to set unsafe attribute "saveTime" of "LoginForm".
in E:\PHP\llerp\protected\controllers\UserController.php (30)
in E:\PHP\llerp\index.php (13)
2011/10/24 10:58:49 [warning] [application] Failed to set unsafe attribute "saveTime" of "LoginForm".
in E:\PHP\llerp\protected\controllers\UserController.php (30)
in E:\PHP\llerp\index.php (13)
2011/10/25 09:47:09 [warning] [application] Failed to set unsafe attribute "saveTime" of "LoginForm".
in E:\PHP\llerp\protected\controllers\UserController.php (30)
in E:\PHP\llerp\index.php (13)
2011/10/28 07:15:09 [warning] [application] Failed to set unsafe attribute "saveTime" of "LoginForm".
in E:\PHP\llerp\protected\controllers\UserController.php (30)
in E:\PHP\llerp\index.php (13)
2011/10/28 07:15:13 [warning] [application] Failed to set unsafe attribute "saveTime" of "LoginForm".
in E:\PHP\llerp\protected\controllers\UserController.php (30)
in E:\PHP\llerp\index.php (13)
2011/10/28 07:15:21 [warning] [application] Failed to set unsafe attribute "saveTime" of "LoginForm".
in E:\PHP\llerp\protected\controllers\UserController.php (30)
in E:\PHP\llerp\index.php (13)
2011/10/28 07:15:24 [warning] [application] Failed to set unsafe attribute "saveTime" of "LoginForm".
in E:\PHP\llerp\protected\controllers\UserController.php (30)
in E:\PHP\llerp\index.php (13)
2011/10/28 07:15:43 [warning] [application] Failed to set unsafe attribute "saveTime" of "LoginForm".
in E:\PHP\llerp\protected\controllers\UserController.php (30)
in E:\PHP\llerp\index.php (13)
2011/10/28 07:15:45 [warning] [application] Failed to set unsafe attribute "saveTime" of "LoginForm".
in E:\PHP\llerp\protected\controllers\UserController.php (30)
in E:\PHP\llerp\index.php (13)
2011/10/28 07:16:02 [error] [exception.CException] exception 'CException' with message 'Property "User.phone" is not defined.' in E:\PHP\framework\base\CComponent.php:131
Stack trace:
#0 E:\PHP\framework\db\ar\CActiveRecord.php(129): CComponent->__get('phone')
#1 E:\PHP\llerp\protected\views\user\editInfo.php(16): CActiveRecord->__get('phone')
#2 E:\PHP\framework\web\CBaseController.php(119): require('E:\PHP\llerp\pr...')
#3 E:\PHP\framework\web\CBaseController.php(88): CBaseController->renderInternal('E:\PHP\llerp\pr...', Array, true)
#4 E:\PHP\framework\web\CController.php(866): CBaseController->renderFile('E:\PHP\llerp\pr...', Array, true)
#5 E:\PHP\framework\web\CController.php(779): CController->renderPartial('editInfo', Array, true)
#6 E:\PHP\llerp\protected\controllers\UserController.php(111): CController->render('editInfo', Array)
#7 [internal function]: UserController->actionEditInfo(1)
#8 E:\PHP\framework\web\actions\CAction.php(104): ReflectionMethod->invokeArgs(Object(UserController), Array)
#9 E:\PHP\framework\web\actions\CInlineAction.php(48): CAction->runWithParamsInternal(Object(UserController), Object(ReflectionMethod), Array)
#10 E:\PHP\framework\web\CController.php(300): CInlineAction->runWithParams(Array)
#11 E:\PHP\framework\web\CController.php(278): CController->runAction(Object(CInlineAction))
#12 E:\PHP\framework\web\CController.php(257): CController->runActionWithFilters(Object(CInlineAction), Array)
#13 E:\PHP\framework\web\CWebApplication.php(277): CController->run('editInfo')
#14 E:\PHP\framework\web\CWebApplication.php(136): CWebApplication->runController('user/editInfo')
#15 E:\PHP\framework\base\CApplication.php(158): CWebApplication->processRequest()
#16 E:\PHP\llerp\index.php(13): CApplication->run()
#17 {main} REQUEST_URI=/llerp/index.php?r=user/editInfo
2011/11/03 01:50:16 [warning] [application] Failed to set unsafe attribute "saveTime" of "LoginForm".
in D:\wamp2.2\www\green-sea-erp\protected\controllers\UserController.php (30)
in D:\wamp2.2\www\green-sea-erp\index.php (13)
2011/11/03 01:50:39 [warning] [application] Failed to set unsafe attribute "saveTime" of "LoginForm".
in D:\wamp2.2\www\green-sea-erp\protected\controllers\UserController.php (30)
in D:\wamp2.2\www\green-sea-erp\index.php (13)
2011/11/04 13:57:02 [warning] [application] Failed to set unsafe attribute "saveTime" of "LoginForm".
in D:\wamp2.2\www\green-sea-erp\protected\controllers\UserController.php (30)
in D:\wamp2.2\www\green-sea-erp\index.php (13)
2011/11/04 13:57:11 [warning] [application] Failed to set unsafe attribute "saveTime" of "LoginForm".
in D:\wamp2.2\www\green-sea-erp\protected\controllers\UserController.php (30)
in D:\wamp2.2\www\green-sea-erp\index.php (13)
2011/11/04 13:57:57 [warning] [application] Failed to set unsafe attribute "saveTime" of "LoginForm".
in D:\wamp2.2\www\green-sea-erp\protected\controllers\UserController.php (30)
in D:\wamp2.2\www\green-sea-erp\index.php (13)
2011/11/04 13:58:26 [warning] [application] Failed to set unsafe attribute "saveTime" of "LoginForm".
in D:\wamp2.2\www\green-sea-erp\protected\controllers\UserController.php (30)
in D:\wamp2.2\www\green-sea-erp\index.php (13)
in E:\PHP\llerp\protected\controllers\OrderController.php (617)
in E:\PHP\llerp\protected\controllers\OrderController.php (468)
in E:\PHP\llerp\index.php (13)